This file contains any messages produced by compilers while
running configure, to aid debugging if configure makes a mistake.

It was created by spawn-fcgi configure 1.6.3, which was
generated by GNU Autoconf 2.68.  Invocation command line was

  $ ./configure --no-create --no-recursion

## --------- ##
## Platform. ##
## --------- ##

hostname = CacheServer2
uname -m = x86_64
uname -r = 3.0.0-15-server
uname -s = Linux
uname -v = #24-Ubuntu SMP Mon Dec 12 15:44:36 UTC 2011

/usr/bin/uname -p = unknown
/bin/uname -X     = unknown

/bin/arch              = unknown
/usr/bin/arch -k       = unknown
/usr/convex/getsysinfo = unknown
/usr/bin/hostinfo      = unknown
/bin/machine           = unknown
/usr/bin/oslevel       = unknown
/bin/universe          = unknown

PATH: /usr/local/sbin
PATH: /usr/local/bin
PATH: /usr/sbin
PATH: /usr/bin
PATH: /sbin
PATH: /bin
PATH: /usr/games
PATH: .
PATH: /usr/local/nginx/sbin
PATH: /root/tools/go/bin


## ----------- ##
## Core tests. ##
## ----------- ##

configure:2215: checking for a BSD-compatible install
configure:2283: result: /usr/bin/install -c
configure:2294: checking whether build environment is sane
configure:2344: result: yes
configure:2485: checking for a thread-safe mkdir -p
configure:2524: result: /bin/mkdir -p
configure:2537: checking for gawk
configure:2553: found /usr/bin/gawk
configure:2564: result: gawk
configure:2575: checking whether make sets $(MAKE)
configure:2597: result: yes
configure:2727: checking for gcc
configure:2743: found /usr/bin/gcc
configure:2754: result: gcc
configure:2983: checking for C compiler version
configure:2992: gcc --version >&5
gcc (Ubuntu/Linaro 4.6.1-9ubuntu3) 4.6.1
Copyright (C) 2011 Free Software Foundation, Inc.
This is free software; see the source for copying conditions.  There is NO
warranty; not even for MERCHANTABILITY or FITNESS FOR A PARTICULAR PURPOSE.

configure:3003: $? = 0
configure:2992: gcc -v >&5
Using built-in specs.
COLLECT_GCC=gcc
COLLECT_LTO_WRAPPER=/usr/lib/gcc/x86_64-linux-gnu/4.6.1/lto-wrapper
Target: x86_64-linux-gnu
Configured with: ../src/configure -v --with-pkgversion='Ubuntu/Linaro 4.6.1-9ubuntu3' --with-bugurl=file:///usr/share/doc/gcc-4.6/README.Bugs --enable-languages=c,c++,fortran,objc,obj-c++,go --prefix=/usr --program-suffix=-4.6 --enable-shared --enable-linker-build-id --with-system-zlib --libexecdir=/usr/lib --without-included-gettext --enable-threads=posix --with-gxx-include-dir=/usr/include/c++/4.6 --libdir=/usr/lib --enable-nls --with-sysroot=/ --enable-clocale=gnu --enable-libstdcxx-debug --enable-libstdcxx-time=yes --enable-plugin --enable-objc-gc --disable-werror --with-arch-32=i686 --with-tune=generic --enable-checking=release --build=x86_64-linux-gnu --host=x86_64-linux-gnu --target=x86_64-linux-gnu
Thread model: posix
gcc version 4.6.1 (Ubuntu/Linaro 4.6.1-9ubuntu3) 
configure:3003: $? = 0
configure:2992: gcc -V >&5
gcc: error: unrecognized option '-V'
gcc: fatal error: no input files
compilation terminated.
configure:3003: $? = 4
configure:2992: gcc -qversion >&5
gcc: error: unrecognized option '-qversion'
gcc: fatal error: no input files
compilation terminated.
configure:3003: $? = 4
configure:3023: checking whether the C compiler works
configure:3045: gcc    conftest.c  >&5
configure:3049: $? = 0
configure:3097: result: yes
configure:3100: checking for C compiler default output file name
configure:3102: result: a.out
configure:3108: checking for suffix of executables
configure:3115: gcc -o conftest    conftest.c  >&5
configure:3119: $? = 0
configure:3141: result: 
configure:3163: checking whether we are cross compiling
configure:3171: gcc -o conftest    conftest.c  >&5
configure:3175: $? = 0
configure:3182: ./conftest
configure:3186: $? = 0
configure:3201: result: no
configure:3206: checking for suffix of object files
configure:3228: gcc -c   conftest.c >&5
configure:3232: $? = 0
configure:3253: result: o
configure:3257: checking whether we are using the GNU C compiler
configure:3276: gcc -c   conftest.c >&5
configure:3276: $? = 0
configure:3285: result: yes
configure:3294: checking whether gcc accepts -g
configure:3314: gcc -c -g  conftest.c >&5
configure:3314: $? = 0
configure:3355: result: yes
configure:3372: checking for gcc option to accept ISO C89
configure:3436: gcc  -c -g -O2  conftest.c >&5
configure:3436: $? = 0
configure:3449: result: none needed
configure:3480: checking for style of include used by make
configure:3508: result: GNU
configure:3533: checking dependency style of gcc
configure:3643: result: gcc3
configure:3658: checking whether make sets $(MAKE)
configure:3680: result: yes
configure:3699: checking how to run the C preprocessor
configure:3730: gcc -E  conftest.c
configure:3730: $? = 0
configure:3744: gcc -E  conftest.c
conftest.c:11:28: fatal error: ac_nonexistent.h: No such file or directory
compilation terminated.
configure:3744: $? = 1
configure: failed program was:
| /* confdefs.h */
| #define PACKAGE_NAME "spawn-fcgi"
| #define PACKAGE_TARNAME "spawn-fcgi"
| #define PACKAGE_VERSION "1.6.3"
| #define PACKAGE_STRING "spawn-fcgi 1.6.3"
| #define PACKAGE_BUGREPORT ""
| #define PACKAGE_URL ""
| #define PACKAGE "spawn-fcgi"
| #define VERSION "1.6.3"
| /* end confdefs.h.  */
| #include <ac_nonexistent.h>
configure:3769: result: gcc -E
configure:3789: gcc -E  conftest.c
configure:3789: $? = 0
configure:3803: gcc -E  conftest.c
conftest.c:11:28: fatal error: ac_nonexistent.h: No such file or directory
compilation terminated.
configure:3803: $? = 1
configure: failed program was:
| /* confdefs.h */
| #define PACKAGE_NAME "spawn-fcgi"
| #define PACKAGE_TARNAME "spawn-fcgi"
| #define PACKAGE_VERSION "1.6.3"
| #define PACKAGE_STRING "spawn-fcgi 1.6.3"
| #define PACKAGE_BUGREPORT ""
| #define PACKAGE_URL ""
| #define PACKAGE "spawn-fcgi"
| #define VERSION "1.6.3"
| /* end confdefs.h.  */
| #include <ac_nonexistent.h>
configure:3832: checking for grep that handles long lines and -e
configure:3890: result: /bin/grep
configure:3895: checking for egrep
configure:3957: result: /bin/grep -E
configure:3962: checking for ANSI C header files
configure:3982: gcc -c -g -O2  conftest.c >&5
configure:3982: $? = 0
configure:4055: gcc -o conftest -g -O2   conftest.c  >&5
configure:4055: $? = 0
configure:4055: ./conftest
configure:4055: $? = 0
configure:4066: result: yes
configure:4074: checking for sys/wait.h that is POSIX.1 compatible
configure:4100: gcc -c -g -O2  conftest.c >&5
configure:4100: $? = 0
configure:4107: result: yes
configure:4120: checking for sys/types.h
configure:4120: gcc -c -g -O2  conftest.c >&5
configure:4120: $? = 0
configure:4120: result: yes
configure:4120: checking for sys/stat.h
configure:4120: gcc -c -g -O2  conftest.c >&5
configure:4120: $? = 0
configure:4120: result: yes
configure:4120: checking for stdlib.h
configure:4120: gcc -c -g -O2  conftest.c >&5
configure:4120: $? = 0
configure:4120: result: yes
configure:4120: checking for string.h
configure:4120: gcc -c -g -O2  conftest.c >&5
configure:4120: $? = 0
configure:4120: result: yes
configure:4120: checking for memory.h
configure:4120: gcc -c -g -O2  conftest.c >&5
configure:4120: $? = 0
configure:4120: result: yes
configure:4120: checking for strings.h
configure:4120: gcc -c -g -O2  conftest.c >&5
configure:4120: $? = 0
configure:4120: result: yes
configure:4120: checking for inttypes.h
configure:4120: gcc -c -g -O2  conftest.c >&5
configure:4120: $? = 0
configure:4120: result: yes
configure:4120: checking for stdint.h
configure:4120: gcc -c -g -O2  conftest.c >&5
configure:4120: $? = 0
configure:4120: result: yes
configure:4120: checking for unistd.h
configure:4120: gcc -c -g -O2  conftest.c >&5
configure:4120: $? = 0
configure:4120: result: yes
configure:4138: checking arpa/inet.h usability
configure:4138: gcc -c -g -O2  conftest.c >&5
configure:4138: $? = 0
configure:4138: result: yes
configure:4138: checking arpa/inet.h presence
configure:4138: gcc -E  conftest.c
configure:4138: $? = 0
configure:4138: result: yes
configure:4138: checking for arpa/inet.h
configure:4138: result: yes
configure:4138: checking errno.h usability
configure:4138: gcc -c -g -O2  conftest.c >&5
configure:4138: $? = 0
configure:4138: result: yes
configure:4138: checking errno.h presence
configure:4138: gcc -E  conftest.c
configure:4138: $? = 0
configure:4138: result: yes
configure:4138: checking for errno.h
configure:4138: result: yes
configure:4138: checking fcntl.h usability
configure:4138: gcc -c -g -O2  conftest.c >&5
configure:4138: $? = 0
configure:4138: result: yes
configure:4138: checking fcntl.h presence
configure:4138: gcc -E  conftest.c
configure:4138: $? = 0
configure:4138: result: yes
configure:4138: checking for fcntl.h
configure:4138: result: yes
configure:4138: checking getopt.h usability
configure:4138: gcc -c -g -O2  conftest.c >&5
configure:4138: $? = 0
configure:4138: result: yes
configure:4138: checking getopt.h presence
configure:4138: gcc -E  conftest.c
configure:4138: $? = 0
configure:4138: result: yes
configure:4138: checking for getopt.h
configure:4138: result: yes
configure:4138: checking grp.h usability
configure:4138: gcc -c -g -O2  conftest.c >&5
configure:4138: $? = 0
configure:4138: result: yes
configure:4138: checking grp.h presence
configure:4138: gcc -E  conftest.c
configure:4138: $? = 0
configure:4138: result: yes
configure:4138: checking for grp.h
configure:4138: result: yes
configure:4138: checking netdb.h usability
configure:4138: gcc -c -g -O2  conftest.c >&5
configure:4138: $? = 0
configure:4138: result: yes
configure:4138: checking netdb.h presence
configure:4138: gcc -E  conftest.c
configure:4138: $? = 0
configure:4138: result: yes
configure:4138: checking for netdb.h
configure:4138: result: yes
configure:4138: checking netinet/in.h usability
configure:4138: gcc -c -g -O2  conftest.c >&5
configure:4138: $? = 0
configure:4138: result: yes
configure:4138: checking netinet/in.h presence
configure:4138: gcc -E  conftest.c
configure:4138: $? = 0
configure:4138: result: yes
configure:4138: checking for netinet/in.h
configure:4138: result: yes
configure:4138: checking netinet/tcp.h usability
configure:4138: gcc -c -g -O2  conftest.c >&5
configure:4138: $? = 0
configure:4138: result: yes
configure:4138: checking netinet/tcp.h presence
configure:4138: gcc -E  conftest.c
configure:4138: $? = 0
configure:4138: result: yes
configure:4138: checking for netinet/tcp.h
configure:4138: result: yes
configure:4138: checking pwd.h usability
configure:4138: gcc -c -g -O2  conftest.c >&5
configure:4138: $? = 0
configure:4138: result: yes
configure:4138: checking pwd.h presence
configure:4138: gcc -E  conftest.c
configure:4138: $? = 0
configure:4138: result: yes
configure:4138: checking for pwd.h
configure:4138: result: yes
configure:4138: checking stdio.h usability
configure:4138: gcc -c -g -O2  conftest.c >&5
configure:4138: $? = 0
configure:4138: result: yes
configure:4138: checking stdio.h presence
configure:4138: gcc -E  conftest.c
configure:4138: $? = 0
configure:4138: result: yes
configure:4138: checking for stdio.h
configure:4138: result: yes
configure:4138: checking for stdlib.h
configure:4138: result: yes
configure:4138: checking for string.h
configure:4138: result: yes
configure:4138: checking sys/ioctl.h usability
configure:4138: gcc -c -g -O2  conftest.c >&5
configure:4138: $? = 0
configure:4138: result: yes
configure:4138: checking sys/ioctl.h presence
configure:4138: gcc -E  conftest.c
configure:4138: $? = 0
configure:4138: result: yes
configure:4138: checking for sys/ioctl.h
configure:4138: result: yes
configure:4138: checking sys/socket.h usability
configure:4138: gcc -c -g -O2  conftest.c >&5
configure:4138: $? = 0
configure:4138: result: yes
configure:4138: checking sys/socket.h presence
configure:4138: gcc -E  conftest.c
configure:4138: $? = 0
configure:4138: result: yes
configure:4138: checking for sys/socket.h
configure:4138: result: yes
configure:4138: checking for sys/stat.h
configure:4138: result: yes
configure:4138: checking sys/time.h usability
configure:4138: gcc -c -g -O2  conftest.c >&5
configure:4138: $? = 0
configure:4138: result: yes
configure:4138: checking sys/time.h presence
configure:4138: gcc -E  conftest.c
configure:4138: $? = 0
configure:4138: result: yes
configure:4138: checking for sys/time.h
configure:4138: result: yes
configure:4138: checking for sys/types.h
configure:4138: result: yes
configure:4138: checking sys/un.h usability
configure:4138: gcc -c -g -O2  conftest.c >&5
configure:4138: $? = 0
configure:4138: result: yes
configure:4138: checking sys/un.h presence
configure:4138: gcc -E  conftest.c
configure:4138: $? = 0
configure:4138: result: yes
configure:4138: checking for sys/un.h
configure:4138: result: yes
configure:4138: checking for sys/wait.h
configure:4138: result: yes
configure:4138: checking for unistd.h
configure:4138: result: yes
configure:4151: checking for an ANSI C-conforming const
configure:4216: gcc -c -g -O2  conftest.c >&5
configure:4216: $? = 0
configure:4223: result: yes
configure:4231: checking for uid_t in sys/types.h
configure:4250: result: yes
configure:4261: checking for pid_t
configure:4261: gcc -c -g -O2  conftest.c >&5
configure:4261: $? = 0
configure:4261: gcc -c -g -O2  conftest.c >&5
conftest.c: In function 'main':
conftest.c:78:20: error: expected expression before ')' token
configure:4261: $? = 1
configure: failed program was:
| /* confdefs.h */
| #define PACKAGE_NAME "spawn-fcgi"
| #define PACKAGE_TARNAME "spawn-fcgi"
| #define PACKAGE_VERSION "1.6.3"
| #define PACKAGE_STRING "spawn-fcgi 1.6.3"
| #define PACKAGE_BUGREPORT ""
| #define PACKAGE_URL ""
| #define PACKAGE "spawn-fcgi"
| #define VERSION "1.6.3"
| #define STDC_HEADERS 1
| #define HAVE_SYS_WAIT_H 1
| #define HAVE_SYS_TYPES_H 1
| #define HAVE_SYS_STAT_H 1
| #define HAVE_STDLIB_H 1
| #define HAVE_STRING_H 1
| #define HAVE_MEMORY_H 1
| #define HAVE_STRINGS_H 1
| #define HAVE_INTTYPES_H 1
| #define HAVE_STDINT_H 1
| #define HAVE_UNISTD_H 1
| #define HAVE_ARPA_INET_H 1
| #define HAVE_ERRNO_H 1
| #define HAVE_FCNTL_H 1
| #define HAVE_GETOPT_H 1
| #define HAVE_GRP_H 1
| #define HAVE_NETDB_H 1
| #define HAVE_NETINET_IN_H 1
| #define HAVE_NETINET_TCP_H 1
| #define HAVE_PWD_H 1
| #define HAVE_STDIO_H 1
| #define HAVE_STDLIB_H 1
| #define HAVE_STRING_H 1
| #define HAVE_SYS_IOCTL_H 1
| #define HAVE_SYS_SOCKET_H 1
| #define HAVE_SYS_STAT_H 1
| #define HAVE_SYS_TIME_H 1
| #define HAVE_SYS_TYPES_H 1
| #define HAVE_SYS_UN_H 1
| #define HAVE_SYS_WAIT_H 1
| #define HAVE_UNISTD_H 1
| /* end confdefs.h.  */
| #include <stdio.h>
| #ifdef HAVE_SYS_TYPES_H
| # include <sys/types.h>
| #endif
| #ifdef HAVE_SYS_STAT_H
| # include <sys/stat.h>
| #endif
| #ifdef STDC_HEADERS
| # include <stdlib.h>
| # include <stddef.h>
| #else
| # ifdef HAVE_STDLIB_H
| #  include <stdlib.h>
| # endif
| #endif
| #ifdef HAVE_STRING_H
| # if !defined STDC_HEADERS && defined HAVE_MEMORY_H
| #  include <memory.h>
| # endif
| # include <string.h>
| #endif
| #ifdef HAVE_STRINGS_H
| # include <strings.h>
| #endif
| #ifdef HAVE_INTTYPES_H
| # include <inttypes.h>
| #endif
| #ifdef HAVE_STDINT_H
| # include <stdint.h>
| #endif
| #ifdef HAVE_UNISTD_H
| # include <unistd.h>
| #endif
| int
| main ()
| {
| if (sizeof ((pid_t)))
| 	    return 0;
|   ;
|   return 0;
| }
configure:4261: result: yes
configure:4272: checking whether time.h and sys/time.h may both be included
configure:4292: gcc -c -g -O2  conftest.c >&5
configure:4292: $? = 0
configure:4299: result: yes
configure:4307: checking for socklen_t
configure:4307: gcc -c -g -O2  conftest.c >&5
configure:4307: $? = 0
configure:4307: gcc -c -g -O2  conftest.c >&5
conftest.c: In function 'main':
conftest.c:49:24: error: expected expression before ')' token
configure:4307: $? = 1
configure: failed program was:
| /* confdefs.h */
| #define PACKAGE_NAME "spawn-fcgi"
| #define PACKAGE_TARNAME "spawn-fcgi"
| #define PACKAGE_VERSION "1.6.3"
| #define PACKAGE_STRING "spawn-fcgi 1.6.3"
| #define PACKAGE_BUGREPORT ""
| #define PACKAGE_URL ""
| #define PACKAGE "spawn-fcgi"
| #define VERSION "1.6.3"
| #define STDC_HEADERS 1
| #define HAVE_SYS_WAIT_H 1
| #define HAVE_SYS_TYPES_H 1
| #define HAVE_SYS_STAT_H 1
| #define HAVE_STDLIB_H 1
| #define HAVE_STRING_H 1
| #define HAVE_MEMORY_H 1
| #define HAVE_STRINGS_H 1
| #define HAVE_INTTYPES_H 1
| #define HAVE_STDINT_H 1
| #define HAVE_UNISTD_H 1
| #define HAVE_ARPA_INET_H 1
| #define HAVE_ERRNO_H 1
| #define HAVE_FCNTL_H 1
| #define HAVE_GETOPT_H 1
| #define HAVE_GRP_H 1
| #define HAVE_NETDB_H 1
| #define HAVE_NETINET_IN_H 1
| #define HAVE_NETINET_TCP_H 1
| #define HAVE_PWD_H 1
| #define HAVE_STDIO_H 1
| #define HAVE_STDLIB_H 1
| #define HAVE_STRING_H 1
| #define HAVE_SYS_IOCTL_H 1
| #define HAVE_SYS_SOCKET_H 1
| #define HAVE_SYS_STAT_H 1
| #define HAVE_SYS_TIME_H 1
| #define HAVE_SYS_TYPES_H 1
| #define HAVE_SYS_UN_H 1
| #define HAVE_SYS_WAIT_H 1
| #define HAVE_UNISTD_H 1
| #define TIME_WITH_SYS_TIME 1
| /* end confdefs.h.  */
| #include <sys/types.h>
| #include <sys/socket.h>
| 
| int
| main ()
| {
| if (sizeof ((socklen_t)))
| 	    return 0;
|   ;
|   return 0;
| }
configure:4307: result: yes
configure:4321: checking for library containing socket
configure:4352: gcc -o conftest -g -O2   conftest.c  >&5
configure:4352: $? = 0
configure:4369: result: none required
configure:4377: checking for library containing inet_addr
configure:4408: gcc -o conftest -g -O2   conftest.c  >&5
configure:4408: $? = 0
configure:4425: result: none required
configure:4437: checking for unistd.h
configure:4437: result: yes
configure:4447: checking for working chown
configure:4480: gcc -o conftest -g -O2   conftest.c  >&5
configure:4480: $? = 0
configure:4480: ./conftest
configure:4480: $? = 0
configure:4492: result: yes
configure:4502: checking vfork.h usability
configure:4502: gcc -c -g -O2  conftest.c >&5
conftest.c:79:19: fatal error: vfork.h: No such file or directory
compilation terminated.
configure:4502: $? = 1
configure: failed program was:
| /* confdefs.h */
| #define PACKAGE_NAME "spawn-fcgi"
| #define PACKAGE_TARNAME "spawn-fcgi"
| #define PACKAGE_VERSION "1.6.3"
| #define PACKAGE_STRING "spawn-fcgi 1.6.3"
| #define PACKAGE_BUGREPORT ""
| #define PACKAGE_URL ""
| #define PACKAGE "spawn-fcgi"
| #define VERSION "1.6.3"
| #define STDC_HEADERS 1
| #define HAVE_SYS_WAIT_H 1
| #define HAVE_SYS_TYPES_H 1
| #define HAVE_SYS_STAT_H 1
| #define HAVE_STDLIB_H 1
| #define HAVE_STRING_H 1
| #define HAVE_MEMORY_H 1
| #define HAVE_STRINGS_H 1
| #define HAVE_INTTYPES_H 1
| #define HAVE_STDINT_H 1
| #define HAVE_UNISTD_H 1
| #define HAVE_ARPA_INET_H 1
| #define HAVE_ERRNO_H 1
| #define HAVE_FCNTL_H 1
| #define HAVE_GETOPT_H 1
| #define HAVE_GRP_H 1
| #define HAVE_NETDB_H 1
| #define HAVE_NETINET_IN_H 1
| #define HAVE_NETINET_TCP_H 1
| #define HAVE_PWD_H 1
| #define HAVE_STDIO_H 1
| #define HAVE_STDLIB_H 1
| #define HAVE_STRING_H 1
| #define HAVE_SYS_IOCTL_H 1
| #define HAVE_SYS_SOCKET_H 1
| #define HAVE_SYS_STAT_H 1
| #define HAVE_SYS_TIME_H 1
| #define HAVE_SYS_TYPES_H 1
| #define HAVE_SYS_UN_H 1
| #define HAVE_SYS_WAIT_H 1
| #define HAVE_UNISTD_H 1
| #define TIME_WITH_SYS_TIME 1
| #define HAVE_SOCKLEN_T 1
| #define HAVE_UNISTD_H 1
| #define HAVE_CHOWN 1
| /* end confdefs.h.  */
| #include <stdio.h>
| #ifdef HAVE_SYS_TYPES_H
| # include <sys/types.h>
| #endif
| #ifdef HAVE_SYS_STAT_H
| # include <sys/stat.h>
| #endif
| #ifdef STDC_HEADERS
| # include <stdlib.h>
| # include <stddef.h>
| #else
| # ifdef HAVE_STDLIB_H
| #  include <stdlib.h>
| # endif
| #endif
| #ifdef HAVE_STRING_H
| # if !defined STDC_HEADERS && defined HAVE_MEMORY_H
| #  include <memory.h>
| # endif
| # include <string.h>
| #endif
| #ifdef HAVE_STRINGS_H
| # include <strings.h>
| #endif
| #ifdef HAVE_INTTYPES_H
| # include <inttypes.h>
| #endif
| #ifdef HAVE_STDINT_H
| # include <stdint.h>
| #endif
| #ifdef HAVE_UNISTD_H
| # include <unistd.h>
| #endif
| #include <vfork.h>
configure:4502: result: no
configure:4502: checking vfork.h presence
configure:4502: gcc -E  conftest.c
conftest.c:46:19: fatal error: vfork.h: No such file or directory
compilation terminated.
configure:4502: $? = 1
configure: failed program was:
| /* confdefs.h */
| #define PACKAGE_NAME "spawn-fcgi"
| #define PACKAGE_TARNAME "spawn-fcgi"
| #define PACKAGE_VERSION "1.6.3"
| #define PACKAGE_STRING "spawn-fcgi 1.6.3"
| #define PACKAGE_BUGREPORT ""
| #define PACKAGE_URL ""
| #define PACKAGE "spawn-fcgi"
| #define VERSION "1.6.3"
| #define STDC_HEADERS 1
| #define HAVE_SYS_WAIT_H 1
| #define HAVE_SYS_TYPES_H 1
| #define HAVE_SYS_STAT_H 1
| #define HAVE_STDLIB_H 1
| #define HAVE_STRING_H 1
| #define HAVE_MEMORY_H 1
| #define HAVE_STRINGS_H 1
| #define HAVE_INTTYPES_H 1
| #define HAVE_STDINT_H 1
| #define HAVE_UNISTD_H 1
| #define HAVE_ARPA_INET_H 1
| #define HAVE_ERRNO_H 1
| #define HAVE_FCNTL_H 1
| #define HAVE_GETOPT_H 1
| #define HAVE_GRP_H 1
| #define HAVE_NETDB_H 1
| #define HAVE_NETINET_IN_H 1
| #define HAVE_NETINET_TCP_H 1
| #define HAVE_PWD_H 1
| #define HAVE_STDIO_H 1
| #define HAVE_STDLIB_H 1
| #define HAVE_STRING_H 1
| #define HAVE_SYS_IOCTL_H 1
| #define HAVE_SYS_SOCKET_H 1
| #define HAVE_SYS_STAT_H 1
| #define HAVE_SYS_TIME_H 1
| #define HAVE_SYS_TYPES_H 1
| #define HAVE_SYS_UN_H 1
| #define HAVE_SYS_WAIT_H 1
| #define HAVE_UNISTD_H 1
| #define TIME_WITH_SYS_TIME 1
| #define HAVE_SOCKLEN_T 1
| #define HAVE_UNISTD_H 1
| #define HAVE_CHOWN 1
| /* end confdefs.h.  */
| #include <vfork.h>
configure:4502: result: no
configure:4502: checking for vfork.h
configure:4502: result: no
configure:4515: checking for fork
configure:4515: gcc -o conftest -g -O2   conftest.c  >&5
conftest.c:69:6: warning: conflicting types for built-in function 'fork' [enabled by default]
configure:4515: $? = 0
configure:4515: result: yes
configure:4515: checking for vfork
configure:4515: gcc -o conftest -g -O2   conftest.c  >&5
configure:4515: $? = 0
configure:4515: result: yes
configure:4525: checking for working fork
configure:4547: gcc -o conftest -g -O2   conftest.c  >&5
configure:4547: $? = 0
configure:4547: ./conftest
configure:4547: $? = 0
configure:4557: result: yes
configure:4578: checking for working vfork
configure:4688: result: yes
configure:4715: checking for stdlib.h
configure:4715: result: yes
configure:4725: checking for GNU libc compatible malloc
configure:4749: gcc -o conftest -g -O2   conftest.c  >&5
configure:4749: $? = 0
configure:4749: ./conftest
configure:4749: $? = 0
configure:4759: result: yes
configure:4783: checking sys/select.h usability
configure:4783: gcc -c -g -O2  conftest.c >&5
configure:4783: $? = 0
configure:4783: result: yes
configure:4783: checking sys/select.h presence
configure:4783: gcc -E  conftest.c
configure:4783: $? = 0
configure:4783: result: yes
configure:4783: checking for sys/select.h
configure:4783: result: yes
configure:4783: checking for sys/socket.h
configure:4783: result: yes
configure:4793: checking types of arguments for select
configure:4821: gcc -c -g -O2  conftest.c >&5
configure:4821: $? = 0
configure:4832: result: int,fd_set *,struct timeval *
configure:4855: checking whether lstat correctly handles trailing slash
configure:4881: gcc -o conftest -g -O2   conftest.c  >&5
configure:4881: $? = 0
configure:4881: ./conftest
configure:4881: $? = 0
configure:4898: result: yes
configure:4917: checking whether stat accepts an empty string
configure:4937: gcc -o conftest -g -O2   conftest.c  >&5
configure:4937: $? = 0
configure:4937: ./conftest
configure:4937: $? = 0
configure:4947: result: no
configure:4966: checking for dup2
configure:4966: gcc -o conftest -g -O2   conftest.c  >&5
configure:4966: $? = 0
configure:4966: result: yes
configure:4966: checking for memset
configure:4966: gcc -o conftest -g -O2   conftest.c  >&5
conftest.c:82:6: warning: conflicting types for built-in function 'memset' [enabled by default]
configure:4966: $? = 0
configure:4966: result: yes
configure:4966: checking for putenv
configure:4966: gcc -o conftest -g -O2   conftest.c  >&5
configure:4966: $? = 0
configure:4966: result: yes
configure:4966: checking for select
configure:4966: gcc -o conftest -g -O2   conftest.c  >&5
configure:4966: $? = 0
configure:4966: result: yes
configure:4966: checking for socket
configure:4966: gcc -o conftest -g -O2   conftest.c  >&5
configure:4966: $? = 0
configure:4966: result: yes
configure:4966: checking for strerror
configure:4966: gcc -o conftest -g -O2   conftest.c  >&5
configure:4966: $? = 0
configure:4966: result: yes
configure:4966: checking for strtol
configure:4966: gcc -o conftest -g -O2   conftest.c  >&5
configure:4966: $? = 0
configure:4966: result: yes
configure:4966: checking for issetugid
configure:4966: gcc -o conftest -g -O2   conftest.c  >&5
/tmp/cc89HS6B.o: In function `main':
/root/tools/spawn-fcgi-1.6.3/conftest.c:99: undefined reference to `issetugid'
collect2: ld returned 1 exit status
configure:4966: $? = 1
configure: failed program was:
| /* confdefs.h */
| #define PACKAGE_NAME "spawn-fcgi"
| #define PACKAGE_TARNAME "spawn-fcgi"
| #define PACKAGE_VERSION "1.6.3"
| #define PACKAGE_STRING "spawn-fcgi 1.6.3"
| #define PACKAGE_BUGREPORT ""
| #define PACKAGE_URL ""
| #define PACKAGE "spawn-fcgi"
| #define VERSION "1.6.3"
| #define STDC_HEADERS 1
| #define HAVE_SYS_WAIT_H 1
| #define HAVE_SYS_TYPES_H 1
| #define HAVE_SYS_STAT_H 1
| #define HAVE_STDLIB_H 1
| #define HAVE_STRING_H 1
| #define HAVE_MEMORY_H 1
| #define HAVE_STRINGS_H 1
| #define HAVE_INTTYPES_H 1
| #define HAVE_STDINT_H 1
| #define HAVE_UNISTD_H 1
| #define HAVE_ARPA_INET_H 1
| #define HAVE_ERRNO_H 1
| #define HAVE_FCNTL_H 1
| #define HAVE_GETOPT_H 1
| #define HAVE_GRP_H 1
| #define HAVE_NETDB_H 1
| #define HAVE_NETINET_IN_H 1
| #define HAVE_NETINET_TCP_H 1
| #define HAVE_PWD_H 1
| #define HAVE_STDIO_H 1
| #define HAVE_STDLIB_H 1
| #define HAVE_STRING_H 1
| #define HAVE_SYS_IOCTL_H 1
| #define HAVE_SYS_SOCKET_H 1
| #define HAVE_SYS_STAT_H 1
| #define HAVE_SYS_TIME_H 1
| #define HAVE_SYS_TYPES_H 1
| #define HAVE_SYS_UN_H 1
| #define HAVE_SYS_WAIT_H 1
| #define HAVE_UNISTD_H 1
| #define TIME_WITH_SYS_TIME 1
| #define HAVE_SOCKLEN_T 1
| #define HAVE_UNISTD_H 1
| #define HAVE_CHOWN 1
| #define HAVE_FORK 1
| #define HAVE_VFORK 1
| #define HAVE_WORKING_VFORK 1
| #define HAVE_WORKING_FORK 1
| #define HAVE_STDLIB_H 1
| #define HAVE_MALLOC 1
| #define HAVE_SYS_SELECT_H 1
| #define HAVE_SYS_SOCKET_H 1
| #define SELECT_TYPE_ARG1 int
| #define SELECT_TYPE_ARG234 (fd_set *)
| #define SELECT_TYPE_ARG5 (struct timeval *)
| #define LSTAT_FOLLOWS_SLASHED_SYMLINK 1
| #define HAVE_DUP2 1
| #define HAVE_MEMSET 1
| #define HAVE_PUTENV 1
| #define HAVE_SELECT 1
| #define HAVE_SOCKET 1
| #define HAVE_STRERROR 1
| #define HAVE_STRTOL 1
| /* end confdefs.h.  */
| /* Define issetugid to an innocuous variant, in case <limits.h> declares issetugid.
|    For example, HP-UX 11i <limits.h> declares gettimeofday.  */
| #define issetugid innocuous_issetugid
| 
| /* System header to define __stub macros and hopefully few prototypes,
|     which can conflict with char issetugid (); below.
|     Prefer <limits.h> to <assert.h> if __STDC__ is defined, since
|     <limits.h> exists even on freestanding compilers.  */
| 
| #ifdef __STDC__
| # include <limits.h>
| #else
| # include <assert.h>
| #endif
| 
| #undef issetugid
| 
| /* Override any GCC internal prototype to avoid an error.
|    Use char because int might match the return type of a GCC
|    builtin and then its argument prototype would still apply.  */
| #ifdef __cplusplus
| extern "C"
| #endif
| char issetugid ();
| /* The GNU C library defines this for functions which it implements
|     to always fail with ENOSYS.  Some functions are actually named
|     something starting with __ and the normal name is an alias.  */
| #if defined __stub_issetugid || defined __stub___issetugid
| choke me
| #endif
| 
| int
| main ()
| {
| return issetugid ();
|   ;
|   return 0;
| }
configure:4966: result: no
configure:4966: checking for inet_pton
configure:4966: gcc -o conftest -g -O2   conftest.c  >&5
configure:4966: $? = 0
configure:4966: result: yes
configure:4992: checking for IPv6 support
configure:5010: gcc -o conftest -g -O2   conftest.c  >&5
configure:5010: $? = 0
configure:5018: result: yes
configure:5182: creating ./config.status

## ---------------- ##
## Cache variables. ##
## ---------------- ##

ac_cv_c_compiler_gnu=yes
ac_cv_c_const=yes
ac_cv_env_CC_set=
ac_cv_env_CC_value=
ac_cv_env_CFLAGS_set=
ac_cv_env_CFLAGS_value=
ac_cv_env_CPPFLAGS_set=
ac_cv_env_CPPFLAGS_value=
ac_cv_env_CPP_set=
ac_cv_env_CPP_value=
ac_cv_env_LDFLAGS_set=
ac_cv_env_LDFLAGS_value=
ac_cv_env_LIBS_set=
ac_cv_env_LIBS_value=
ac_cv_env_build_alias_set=
ac_cv_env_build_alias_value=
ac_cv_env_host_alias_set=
ac_cv_env_host_alias_value=
ac_cv_env_target_alias_set=
ac_cv_env_target_alias_value=
ac_cv_func_chown_works=yes
ac_cv_func_dup2=yes
ac_cv_func_fork=yes
ac_cv_func_fork_works=yes
ac_cv_func_inet_pton=yes
ac_cv_func_issetugid=no
ac_cv_func_lstat_dereferences_slashed_symlink=yes
ac_cv_func_malloc_0_nonnull=yes
ac_cv_func_memset=yes
ac_cv_func_putenv=yes
ac_cv_func_select=yes
ac_cv_func_select_args='int,fd_set *,struct timeval *'
ac_cv_func_socket=yes
ac_cv_func_stat_empty_string_bug=no
ac_cv_func_strerror=yes
ac_cv_func_strtol=yes
ac_cv_func_vfork=yes
ac_cv_func_vfork_works=yes
ac_cv_header_arpa_inet_h=yes
ac_cv_header_errno_h=yes
ac_cv_header_fcntl_h=yes
ac_cv_header_getopt_h=yes
ac_cv_header_grp_h=yes
ac_cv_header_inttypes_h=yes
ac_cv_header_memory_h=yes
ac_cv_header_netdb_h=yes
ac_cv_header_netinet_in_h=yes
ac_cv_header_netinet_tcp_h=yes
ac_cv_header_pwd_h=yes
ac_cv_header_stdc=yes
ac_cv_header_stdint_h=yes
ac_cv_header_stdio_h=yes
ac_cv_header_stdlib_h=yes
ac_cv_header_string_h=yes
ac_cv_header_strings_h=yes
ac_cv_header_sys_ioctl_h=yes
ac_cv_header_sys_select_h=yes
ac_cv_header_sys_socket_h=yes
ac_cv_header_sys_stat_h=yes
ac_cv_header_sys_time_h=yes
ac_cv_header_sys_types_h=yes
ac_cv_header_sys_un_h=yes
ac_cv_header_sys_wait_h=yes
ac_cv_header_time=yes
ac_cv_header_unistd_h=yes
ac_cv_header_vfork_h=no
ac_cv_ipv6_support=yes
ac_cv_objext=o
ac_cv_path_EGREP='/bin/grep -E'
ac_cv_path_GREP=/bin/grep
ac_cv_path_install='/usr/bin/install -c'
ac_cv_path_mkdir=/bin/mkdir
ac_cv_prog_AWK=gawk
ac_cv_prog_CPP='gcc -E'
ac_cv_prog_ac_ct_CC=gcc
ac_cv_prog_cc_c89=
ac_cv_prog_cc_g=yes
ac_cv_prog_make_make_set=yes
ac_cv_search_inet_addr='none required'
ac_cv_search_socket='none required'
ac_cv_type_pid_t=yes
ac_cv_type_socklen_t=yes
ac_cv_type_uid_t=yes
am_cv_CC_dependencies_compiler_type=gcc3

## ----------------- ##
## Output variables. ##
## ----------------- ##

ACLOCAL='${SHELL} /root/tools/spawn-fcgi-1.6.3/missing --run aclocal-1.11'
AMDEPBACKSLASH='\'
AMDEP_FALSE='#'
AMDEP_TRUE=''
AMTAR='${SHELL} /root/tools/spawn-fcgi-1.6.3/missing --run tar'
AUTOCONF='${SHELL} /root/tools/spawn-fcgi-1.6.3/missing --run autoconf'
AUTOHEADER='${SHELL} /root/tools/spawn-fcgi-1.6.3/missing --run autoheader'
AUTOMAKE='${SHELL} /root/tools/spawn-fcgi-1.6.3/missing --run automake-1.11'
AWK='gawk'
CC='gcc'
CCDEPMODE='depmode=gcc3'
CFLAGS='-g -O2 -Wall -W -Wshadow -pedantic -std=gnu99'
CPP='gcc -E'
CPPFLAGS=''
CYGPATH_W='echo'
DEFS='-DHAVE_CONFIG_H'
DEPDIR='.deps'
ECHO_C=''
ECHO_N='-n'
ECHO_T=''
EGREP='/bin/grep -E'
EXEEXT=''
GREP='/bin/grep'
INSTALL_DATA='${INSTALL} -m 644'
INSTALL_PROGRAM='${INSTALL}'
INSTALL_SCRIPT='${INSTALL}'
INSTALL_STRIP_PROGRAM='$(install_sh) -c -s'
LDFLAGS=''
LIBOBJS=''
LIBS=''
LTLIBOBJS=''
MAKEINFO='${SHELL} /root/tools/spawn-fcgi-1.6.3/missing --run makeinfo'
MKDIR_P='/bin/mkdir -p'
OBJEXT='o'
PACKAGE='spawn-fcgi'
PACKAGE_BUGREPORT=''
PACKAGE_NAME='spawn-fcgi'
PACKAGE_STRING='spawn-fcgi 1.6.3'
PACKAGE_TARNAME='spawn-fcgi'
PACKAGE_URL=''
PACKAGE_VERSION='1.6.3'
PATH_SEPARATOR=':'
SET_MAKE=''
SHELL='/bin/bash'
STRIP=''
VERSION='1.6.3'
ac_ct_CC='gcc'
am__EXEEXT_FALSE=''
am__EXEEXT_TRUE='#'
am__fastdepCC_FALSE='#'
am__fastdepCC_TRUE=''
am__include='include'
am__isrc=''
am__leading_dot='.'
am__quote=''
am__tar='${AMTAR} chof - "$$tardir"'
am__untar='${AMTAR} xf -'
bindir='${exec_prefix}/bin'
build_alias=''
datadir='${datarootdir}'
datarootdir='${prefix}/share'
docdir='${datarootdir}/doc/${PACKAGE_TARNAME}'
dvidir='${docdir}'
exec_prefix='${prefix}'
host_alias=''
htmldir='${docdir}'
includedir='${prefix}/include'
infodir='${datarootdir}/info'
install_sh='${SHELL} /root/tools/spawn-fcgi-1.6.3/install-sh'
libdir='${exec_prefix}/lib'
libexecdir='${exec_prefix}/libexec'
localedir='${datarootdir}/locale'
localstatedir='${prefix}/var'
mandir='${datarootdir}/man'
mkdir_p='/bin/mkdir -p'
oldincludedir='/usr/include'
pdfdir='${docdir}'
prefix='/usr/local'
program_transform_name='s,x,x,'
psdir='${docdir}'
sbindir='${exec_prefix}/sbin'
sharedstatedir='${prefix}/com'
sysconfdir='${prefix}/etc'
target_alias=''

## ----------- ##
## confdefs.h. ##
## ----------- ##

/* confdefs.h */
#define PACKAGE_NAME "spawn-fcgi"
#define PACKAGE_TARNAME "spawn-fcgi"
#define PACKAGE_VERSION "1.6.3"
#define PACKAGE_STRING "spawn-fcgi 1.6.3"
#define PACKAGE_BUGREPORT ""
#define PACKAGE_URL ""
#define PACKAGE "spawn-fcgi"
#define VERSION "1.6.3"
#define STDC_HEADERS 1
#define HAVE_SYS_WAIT_H 1
#define HAVE_SYS_TYPES_H 1
#define HAVE_SYS_STAT_H 1
#define HAVE_STDLIB_H 1
#define HAVE_STRING_H 1
#define HAVE_MEMORY_H 1
#define HAVE_STRINGS_H 1
#define HAVE_INTTYPES_H 1
#define HAVE_STDINT_H 1
#define HAVE_UNISTD_H 1
#define HAVE_ARPA_INET_H 1
#define HAVE_ERRNO_H 1
#define HAVE_FCNTL_H 1
#define HAVE_GETOPT_H 1
#define HAVE_GRP_H 1
#define HAVE_NETDB_H 1
#define HAVE_NETINET_IN_H 1
#define HAVE_NETINET_TCP_H 1
#define HAVE_PWD_H 1
#define HAVE_STDIO_H 1
#define HAVE_STDLIB_H 1
#define HAVE_STRING_H 1
#define HAVE_SYS_IOCTL_H 1
#define HAVE_SYS_SOCKET_H 1
#define HAVE_SYS_STAT_H 1
#define HAVE_SYS_TIME_H 1
#define HAVE_SYS_TYPES_H 1
#define HAVE_SYS_UN_H 1
#define HAVE_SYS_WAIT_H 1
#define HAVE_UNISTD_H 1
#define TIME_WITH_SYS_TIME 1
#define HAVE_SOCKLEN_T 1
#define HAVE_UNISTD_H 1
#define HAVE_CHOWN 1
#define HAVE_FORK 1
#define HAVE_VFORK 1
#define HAVE_WORKING_VFORK 1
#define HAVE_WORKING_FORK 1
#define HAVE_STDLIB_H 1
#define HAVE_MALLOC 1
#define HAVE_SYS_SELECT_H 1
#define HAVE_SYS_SOCKET_H 1
#define SELECT_TYPE_ARG1 int
#define SELECT_TYPE_ARG234 (fd_set *)
#define SELECT_TYPE_ARG5 (struct timeval *)
#define LSTAT_FOLLOWS_SLASHED_SYMLINK 1
#define HAVE_DUP2 1
#define HAVE_MEMSET 1
#define HAVE_PUTENV 1
#define HAVE_SELECT 1
#define HAVE_SOCKET 1
#define HAVE_STRERROR 1
#define HAVE_STRTOL 1
#define HAVE_INET_PTON 1
#define HAVE_IPV6 1

configure: exit 0

## ---------------------- ##
## Running config.status. ##
## ---------------------- ##

This file was extended by spawn-fcgi config.status 1.6.3, which was
generated by GNU Autoconf 2.68.  Invocation command line was

  CONFIG_FILES    = 
  CONFIG_HEADERS  = 
  CONFIG_LINKS    = 
  CONFIG_COMMANDS = 
  $ ./config.status 

on CacheServer2

config.status:907: creating Makefile
config.status:907: creating src/Makefile
config.status:907: creating doc/Makefile
config.status:907: creating config.h
config.status:1088: config.h is unchanged
config.status:1136: executing depfiles commands

## ---------------------- ##
## Running config.status. ##
## ---------------------- ##

This file was extended by spawn-fcgi config.status 1.6.3, which was
generated by GNU Autoconf 2.68.  Invocation command line was

  CONFIG_FILES    = 
  CONFIG_HEADERS  = 
  CONFIG_LINKS    = 
  CONFIG_COMMANDS = 
  $ ./config.status config.h

on CacheServer2

config.status:907: creating config.h
config.status:1088: config.h is unchanged
